Engine::processInputQuery: Input query (before preprocessing): 77 equations, 154 variables
Engine::processInputQuery: Input query (after preprocessing): 152 equations, 229 variables

Input bounds:
	x0: [-10.0000,  10.0000] 
	x1: [-10.0000,  10.0000] 


Engine::solve: Initial statistics

20:50:29 Statistics update:
	--- Time Statistics ---
	Total time elapsed: 24 milli (00:00:00)
		Main loop: 0 milli (00:00:00)
		Preprocessing time: 23 milli (00:00:00)
		Unknown: 1 milli (00:00:00)
	Breakdown for main loop:
		[0.00%] Simplex steps: 0 milli
		[0.00%] Explicit-basis bound tightening: 0 milli
		[0.00%] Constraint-matrix bound tightening: 0 milli
		[0.00%] Degradation checking: 0 milli
		[0.00%] Precision restoration: 0 milli
		[0.00%] Statistics handling: 0 milli
		[0.00%] Constraint-fixing steps: 0 milli
		[0.00%] Valid case splits: 0 milli. Average per split: 0.00 milli
		[0.00%] Applying stored bound-tightening: 0 milli
		[0.00%] SMT core: 0 milli
		[0.00%] Symbolic Bound Tightening: 16 milli
		[0.00%] Unaccounted for: 0 milli
	--- Preprocessor Statistics ---
	Number of preprocessor bound-tightening loop iterations: 5
	Number of eliminated variables: 0
	Number of constraints removed due to variable elimination: 0
	Number of equations removed due to variable elimination: 0
	--- Engine Statistics ---
	Number of main loop iterations: 1
		0 iterations were simplex steps. Total time: 0 milli. Average: 0.00 milli.
		0 iterations were constraint-fixing steps. Total time: 0 milli. Average: 0.00 milli
	Number of active piecewise-linear constraints: 75 / 75
		Constraints disabled by valid splits: 0. By SMT-originated splits: 0
	Last reported degradation: 0.0000000000. Max degradation so far: 0.0000000000. Restorations so far: 0
	Number of simplex pivots we attempted to skip because of instability: 0.
	Unstable pivots performed anyway: 0
	--- Tableau Statistics ---
	Total number of pivots performed: 0
		Real pivots: 0. Degenerate: 0 (0.00%)
		Degenerate pivots by request (e.g., to fix a PL constraint): 0 (0.00%)
		Average time per pivot: 0.00 milli
	Total number of fake pivots performed: 0
	Total number of rows added: 0. Number of merged columns: 0
	Current tableau dimensions: M = 152, N = 381
	--- SMT Core Statistics ---
	Total depth is 0. Total visited states: 1. Number of splits: 0. Number of pops: 0
	Max stack depth: 0
	--- Bound Tightening Statistics ---
	Number of tightened bounds: 140.
		Number of rows examined by row tightener: 0. Consequent tightenings: 0
		Number of explicit basis matrices examined by row tightener: 0. Consequent tightenings: 0
		Number of bound tightening rounds on the entire constraint matrix: 0. Consequent tightenings: 0
		Number of bound notifications sent to PL constraints: 136. Tightenings proposed: 0
	--- Basis Factorization statistics ---
	Number of basis refactorizations: 2
	--- Projected Steepest Edge Statistics ---
	Number of iterations: 0.
	Number of resets to reference space: 1. Avg. iterations per reset: 0
	--- SBT ---
	Number of tightened bounds: 140

---
Before declaring sat, recomputing...

Engine::solve: sat assignment found

20:50:29 Statistics update:
	--- Time Statistics ---
	Total time elapsed: 159 milli (00:00:00)
		Main loop: 134 milli (00:00:00)
		Preprocessing time: 23 milli (00:00:00)
		Unknown: 1 milli (00:00:00)
	Breakdown for main loop:
		[18.97%] Simplex steps: 25 milli
		[18.85%] Explicit-basis bound tightening: 25 milli
		[0.96%] Constraint-matrix bound tightening: 1 milli
		[0.26%] Degradation checking: 0 milli
		[0.00%] Precision restoration: 0 milli
		[0.00%] Statistics handling: 0 milli
		[6.11%] Constraint-fixing steps: 8 milli
		[0.71%] Valid case splits: 0 milli. Average per split: 0.00 milli
		[0.79%] Applying stored bound-tightening: 1 milli
		[9.87%] SMT core: 13 milli
		[53.37%] Symbolic Bound Tightening: 71 milli
		[13682701177668812.00%] Unaccounted for: 0 milli
	--- Preprocessor Statistics ---
	Number of preprocessor bound-tightening loop iterations: 5
	Number of eliminated variables: 0
	Number of constraints removed due to variable elimination: 0
	Number of equations removed due to variable elimination: 0
	--- Engine Statistics ---
	Number of main loop iterations: 1109
		769 iterations were simplex steps. Total time: 25 milli. Average: 0.03 milli.
		317 iterations were constraint-fixing steps. Total time: 8 milli. Average: 0.03 milli
	Number of active piecewise-linear constraints: 61 / 75
		Constraints disabled by valid splits: 8. By SMT-originated splits: 6
	Last reported degradation: 0.0000000000. Max degradation so far: 0.0000000000. Restorations so far: 0
	Number of simplex pivots we attempted to skip because of instability: 0.
	Unstable pivots performed anyway: 0
	--- Tableau Statistics ---
	Total number of pivots performed: 993
		Real pivots: 736. Degenerate: 257 (25.88%)
		Degenerate pivots by request (e.g., to fix a PL constraint): 250 (97.28%)
		Average time per pivot: 0.01 milli
	Total number of fake pivots performed: 23
	Total number of rows added: 0. Number of merged columns: 0
	Current tableau dimensions: M = 152, N = 381
	--- SMT Core Statistics ---
	Total depth is 8. Total visited states: 22. Number of splits: 14. Number of pops: 7
	Max stack depth: 9
	--- Bound Tightening Statistics ---
	Number of tightened bounds: 4888.
		Number of rows examined by row tightener: 743. Consequent tightenings: 52
		Number of explicit basis matrices examined by row tightener: 24. Consequent tightenings: 533
		Number of bound tightening rounds on the entire constraint matrix: 3. Consequent tightenings: 721
		Number of bound notifications sent to PL constraints: 4765. Tightenings proposed: 13757
	--- Basis Factorization statistics ---
	Number of basis refactorizations: 17
	--- Projected Steepest Edge Statistics ---
	Number of iterations: 766.
	Number of resets to reference space: 8. Avg. iterations per reset: 95
	--- SBT ---
	Number of tightened bounds: 3509
